<?xml version="1.0" encoding="UTF-8"?>
<testsuite xmlns:xsi="http://www.w3.org/2001/XMLSchema-instance" xsi:noNamespaceSchemaLocation="https://maven.apache.org/surefire/maven-surefire-plugin/xsd/surefire-test-report-3.0.xsd" version="3.0" name="TestSuite" time="59.74" tests="2" errors="0" skipped="0" failures="0">
  <properties>
    <property name="sun.desktop" value="windows"/>
    <property name="awt.toolkit" value="sun.awt.windows.WToolkit"/>
    <property name="file.encoding.pkg" value="sun.io"/>
    <property name="java.specification.version" value="1.8"/>
    <property name="webdriver.chrome.driver" value="C:\Users\Admin\.cache\selenium\chromedriver\win32\113.0.5672.63\chromedriver.exe"/>
    <property name="sun.cpu.isalist" value="amd64"/>
    <property name="sun.jnu.encoding" value="Cp1252"/>
    <property name="java.class.path" value="C:\TestLeaf\SalesForce\target\test-classes;C:\TestLeaf\SalesForce\target\classes;C:\Users\Admin\.m2\repository\org\seleniumhq\selenium\selenium-java\4.0.0\selenium-java-4.0.0.jar;C:\Users\Admin\.m2\repository\org\seleniumhq\selenium\selenium-api\4.0.0\selenium-api-4.0.0.jar;C:\Users\Admin\.m2\repository\org\seleniumhq\selenium\selenium-chrome-driver\4.0.0\selenium-chrome-driver-4.0.0.jar;C:\Users\Admin\.m2\repository\com\google\auto\service\auto-service-annotations\1.0\auto-service-annotations-1.0.jar;C:\Users\Admin\.m2\repository\com\google\auto\service\auto-service\1.0\auto-service-1.0.jar;C:\Users\Admin\.m2\repository\com\google\auto\auto-common\1.0\auto-common-1.0.jar;C:\Users\Admin\.m2\repository\org\seleniumhq\selenium\selenium-chromium-driver\4.0.0\selenium-chromium-driver-4.0.0.jar;C:\Users\Admin\.m2\repository\org\seleniumhq\selenium\selenium-json\4.0.0\selenium-json-4.0.0.jar;C:\Users\Admin\.m2\repository\org\seleniumhq\selenium\selenium-devtools-v85\4.0.0\selenium-devtools-v85-4.0.0.jar;C:\Users\Admin\.m2\repository\org\seleniumhq\selenium\selenium-devtools-v93\4.0.0\selenium-devtools-v93-4.0.0.jar;C:\Users\Admin\.m2\repository\org\seleniumhq\selenium\selenium-devtools-v94\4.0.0\selenium-devtools-v94-4.0.0.jar;C:\Users\Admin\.m2\repository\org\seleniumhq\selenium\selenium-devtools-v95\4.0.0\selenium-devtools-v95-4.0.0.jar;C:\Users\Admin\.m2\repository\org\seleniumhq\selenium\selenium-edge-driver\4.0.0\selenium-edge-driver-4.0.0.jar;C:\Users\Admin\.m2\repository\org\seleniumhq\selenium\selenium-firefox-driver\4.0.0\selenium-firefox-driver-4.0.0.jar;C:\Users\Admin\.m2\repository\org\seleniumhq\selenium\selenium-firefox-xpi-driver\4.0.0\selenium-firefox-xpi-driver-4.0.0.jar;C:\Users\Admin\.m2\repository\org\seleniumhq\selenium\selenium-ie-driver\4.0.0\selenium-ie-driver-4.0.0.jar;C:\Users\Admin\.m2\repository\org\seleniumhq\selenium\selenium-opera-driver\4.0.0\selenium-opera-driver-4.0.0.jar;C:\Users\Admin\.m2\repository\org\seleniumhq\selenium\selenium-remote-driver\4.0.0\selenium-remote-driver-4.0.0.jar;C:\Users\Admin\.m2\repository\io\netty\netty-buffer\4.1.68.Final\netty-buffer-4.1.68.Final.jar;C:\Users\Admin\.m2\repository\io\netty\netty-codec-http\4.1.67.Final\netty-codec-http-4.1.67.Final.jar;C:\Users\Admin\.m2\repository\io\netty\netty-codec\4.1.67.Final\netty-codec-4.1.67.Final.jar;C:\Users\Admin\.m2\repository\io\netty\netty-handler\4.1.67.Final\netty-handler-4.1.67.Final.jar;C:\Users\Admin\.m2\repository\io\netty\netty-common\4.1.68.Final\netty-common-4.1.68.Final.jar;C:\Users\Admin\.m2\repository\io\netty\netty-transport-native-epoll\4.1.67.Final\netty-transport-native-epoll-4.1.67.Final.jar;C:\Users\Admin\.m2\repository\io\netty\netty-transport-native-kqueue\4.1.67.Final\netty-transport-native-kqueue-4.1.67.Final.jar;C:\Users\Admin\.m2\repository\io\netty\netty-transport-native-unix-common\4.1.67.Final\netty-transport-native-unix-common-4.1.67.Final.jar;C:\Users\Admin\.m2\repository\io\netty\netty-transport\4.1.68.Final\netty-transport-4.1.68.Final.jar;C:\Users\Admin\.m2\repository\io\netty\netty-resolver\4.1.68.Final\netty-resolver-4.1.68.Final.jar;C:\Users\Admin\.m2\repository\io\opentelemetry\opentelemetry-api\1.6.0\opentelemetry-api-1.6.0.jar;C:\Users\Admin\.m2\repository\io\opentelemetry\opentelemetry-context\1.6.0\opentelemetry-context-1.6.0.jar;C:\Users\Admin\.m2\repository\io\opentelemetry\opentelemetry-exporter-logging\1.6.0\opentelemetry-exporter-logging-1.6.0.jar;C:\Users\Admin\.m2\repository\io\opentelemetry\opentelemetry-sdk-metrics\1.6.0-alpha\opentelemetry-sdk-metrics-1.6.0-alpha.jar;C:\Users\Admin\.m2\repository\io\opentelemetry\opentelemetry-sdk-common\1.6.0\opentelemetry-sdk-common-1.6.0.jar;C:\Users\Admin\.m2\repository\io\opentelemetry\opentelemetry-sdk-extension-autoconfigure-spi\1.6.0\opentelemetry-sdk-extension-autoconfigure-spi-1.6.0.jar;C:\Users\Admin\.m2\repository\io\opentelemetry\opentelemetry-sdk-extension-autoconfigure\1.6.0-alpha\opentelemetry-sdk-extension-autoconfigure-1.6.0-alpha.jar;C:\Users\Admin\.m2\repository\io\opentelemetry\opentelemetry-sdk-trace\1.6.0\opentelemetry-sdk-trace-1.6.0.jar;C:\Users\Admin\.m2\repository\io\opentelemetry\opentelemetry-api-metrics\1.6.0-alpha\opentelemetry-api-metrics-1.6.0-alpha.jar;C:\Users\Admin\.m2\repository\io\opentelemetry\opentelemetry-sdk\1.6.0\opentelemetry-sdk-1.6.0.jar;C:\Users\Admin\.m2\repository\io\opentelemetry\opentelemetry-semconv\1.6.0-alpha\opentelemetry-semconv-1.6.0-alpha.jar;C:\Users\Admin\.m2\repository\io\ous\jtoml\2.0.0\jtoml-2.0.0.jar;C:\Users\Admin\.m2\repository\net\bytebuddy\byte-buddy\1.11.19\byte-buddy-1.11.19.jar;C:\Users\Admin\.m2\repository\org\apache\commons\commons-exec\1.3\commons-exec-1.3.jar;C:\Users\Admin\.m2\repository\org\asynchttpclient\async-http-client\2.12.3\async-http-client-2.12.3.jar;C:\Users\Admin\.m2\repository\org\asynchttpclient\async-http-client-netty-utils\2.12.3\async-http-client-netty-utils-2.12.3.jar;C:\Users\Admin\.m2\repository\io\netty\netty-codec-socks\4.1.60.Final\netty-codec-socks-4.1.60.Final.jar;C:\Users\Admin\.m2\repository\io\netty\netty-handler-proxy\4.1.60.Final\netty-handler-proxy-4.1.60.Final.jar;C:\Users\Admin\.m2\repository\io\netty\netty-transport-native-epoll\4.1.60.Final\netty-transport-native-epoll-4.1.60.Final-linux-x86_64.jar;C:\Users\Admin\.m2\repository\io\netty\netty-transport-native-kqueue\4.1.60.Final\netty-transport-native-kqueue-4.1.60.Final-osx-x86_64.jar;C:\Users\Admin\.m2\repository\org\reactivestreams\reactive-streams\1.0.3\reactive-streams-1.0.3.jar;C:\Users\Admin\.m2\repository\com\typesafe\netty\netty-reactive-streams\2.0.4\netty-reactive-streams-2.0.4.jar;C:\Users\Admin\.m2\repository\com\sun\activation\jakarta.activation\1.2.2\jakarta.activation-1.2.2.jar;C:\Users\Admin\.m2\repository\org\seleniumhq\selenium\selenium-http\4.0.0\selenium-http-4.0.0.jar;C:\Users\Admin\.m2\repository\org\seleniumhq\selenium\selenium-safari-driver\4.0.0\selenium-safari-driver-4.0.0.jar;C:\Users\Admin\.m2\repository\org\seleniumhq\selenium\selenium-support\4.0.0\selenium-support-4.0.0.jar;C:\Users\Admin\.m2\repository\io\github\bonigarcia\webdrivermanager\5.0.3\webdrivermanager-5.0.3.jar;C:\Users\Admin\.m2\repository\org\slf4j\slf4j-api\1.7.32\slf4j-api-1.7.32.jar;C:\Users\Admin\.m2\repository\com\google\code\gson\gson\2.8.8\gson-2.8.8.jar;C:\Users\Admin\.m2\repository\org\jsoup\jsoup\1.14.2\jsoup-1.14.2.jar;C:\Users\Admin\.m2\repository\com\github\docker-java\docker-java\3.2.12\docker-java-3.2.12.jar;C:\Users\Admin\.m2\repository\com\github\docker-java\docker-java-core\3.2.12\docker-java-core-3.2.12.jar;C:\Users\Admin\.m2\repository\com\github\docker-java\docker-java-api\3.2.12\docker-java-api-3.2.12.jar;C:\Users\Admin\.m2\repository\com\fasterxml\jackson\core\jackson-annotations\2.10.3\jackson-annotations-2.10.3.jar;C:\Users\Admin\.m2\repository\commons-lang\commons-lang\2.6\commons-lang-2.6.jar;C:\Users\Admin\.m2\repository\com\fasterxml\jackson\core\jackson-databind\2.10.3\jackson-databind-2.10.3.jar;C:\Users\Admin\.m2\repository\com\fasterxml\jackson\core\jackson-core\2.10.3\jackson-core-2.10.3.jar;C:\Users\Admin\.m2\repository\org\bouncycastle\bcpkix-jdk15on\1.64\bcpkix-jdk15on-1.64.jar;C:\Users\Admin\.m2\repository\org\bouncycastle\bcprov-jdk15on\1.64\bcprov-jdk15on-1.64.jar;C:\Users\Admin\.m2\repository\org\slf4j\jcl-over-slf4j\1.7.30\jcl-over-slf4j-1.7.30.jar;C:\Users\Admin\.m2\repository\com\github\docker-java\docker-java-transport-httpclient5\3.2.12\docker-java-transport-httpclient5-3.2.12.jar;C:\Users\Admin\.m2\repository\com\github\docker-java\docker-java-transport\3.2.12\docker-java-transport-3.2.12.jar;C:\Users\Admin\.m2\repository\org\apache\httpcomponents\client5\httpclient5\5.0.3\httpclient5-5.0.3.jar;C:\Users\Admin\.m2\repository\org\apache\httpcomponents\core5\httpcore5\5.0.2\httpcore5-5.0.2.jar;C:\Users\Admin\.m2\repository\net\java\dev\jna\jna\5.8.0\jna-5.8.0.jar;C:\Users\Admin\.m2\repository\com\google\guava\guava\30.1.1-jre\guava-30.1.1-jre.jar;C:\Users\Admin\.m2\repository\com\google\guava\failureaccess\1.0.1\failureaccess-1.0.1.jar;C:\Users\Admin\.m2\repository\com\google\guava\listenablefuture\9999.0-empty-to-avoid-conflict-with-guava\listenablefuture-9999.0-empty-to-avoid-conflict-with-guava.jar;C:\Users\Admin\.m2\repository\com\google\code\findbugs\jsr305\3.0.2\jsr305-3.0.2.jar;C:\Users\Admin\.m2\repository\org\checkerframework\checker-qual\3.8.0\checker-qual-3.8.0.jar;C:\Users\Admin\.m2\repository\com\google\errorprone\error_prone_annotations\2.5.1\error_prone_annotations-2.5.1.jar;C:\Users\Admin\.m2\repository\com\google\j2objc\j2objc-annotations\1.3\j2objc-annotations-1.3.jar;C:\Users\Admin\.m2\repository\org\brotli\dec\0.1.2\dec-0.1.2.jar;C:\Users\Admin\.m2\repository\org\testng\testng\7.4.0\testng-7.4.0.jar;C:\Users\Admin\.m2\repository\com\beust\jcommander\1.78\jcommander-1.78.jar;C:\Users\Admin\.m2\repository\org\webjars\jquery\3.5.1\jquery-3.5.1.jar;C:\Users\Admin\.m2\repository\org\apache\poi\poi\4.1.2\poi-4.1.2.jar;C:\Users\Admin\.m2\repository\commons-codec\commons-codec\1.13\commons-codec-1.13.jar;C:\Users\Admin\.m2\repository\org\apache\commons\commons-collections4\4.4\commons-collections4-4.4.jar;C:\Users\Admin\.m2\repository\org\apache\commons\commons-math3\3.6.1\commons-math3-3.6.1.jar;C:\Users\Admin\.m2\repository\com\zaxxer\SparseBitSet\1.2\SparseBitSet-1.2.jar;C:\Users\Admin\.m2\repository\org\apache\poi\poi-ooxml\4.1.2\poi-ooxml-4.1.2.jar;C:\Users\Admin\.m2\repository\org\apache\poi\poi-ooxml-schemas\4.1.2\poi-ooxml-schemas-4.1.2.jar;C:\Users\Admin\.m2\repository\org\apache\xmlbeans\xmlbeans\3.1.0\xmlbeans-3.1.0.jar;C:\Users\Admin\.m2\repository\org\apache\commons\commons-compress\1.19\commons-compress-1.19.jar;C:\Users\Admin\.m2\repository\com\github\virtuald\curvesapi\1.06\curvesapi-1.06.jar;C:\Users\Admin\.m2\repository\com\aventstack\extentreports\3.1.5\extentreports-3.1.5.jar;C:\Users\Admin\.m2\repository\org\freemarker\freemarker\2.3.23\freemarker-2.3.23.jar;C:\Users\Admin\.m2\repository\org\mongodb\mongodb-driver\3.3.0\mongodb-driver-3.3.0.jar;C:\Users\Admin\.m2\repository\org\mongodb\bson\3.3.0\bson-3.3.0.jar;C:\Users\Admin\.m2\repository\org\mongodb\mongodb-driver-core\3.3.0\mongodb-driver-core-3.3.0.jar;C:\Users\Admin\.m2\repository\org\apache\httpcomponents\httpclient\4.5.2\httpclient-4.5.2.jar;C:\Users\Admin\.m2\repository\org\apache\httpcomponents\httpcore\4.4.4\httpcore-4.4.4.jar;C:\Users\Admin\.m2\repository\commons-logging\commons-logging\1.2\commons-logging-1.2.jar;C:\Users\Admin\.m2\repository\org\apache\httpcomponents\httpmime\4.5.2\httpmime-4.5.2.jar;C:\Users\Admin\.m2\repository\io\cucumber\cucumber-testng\7.0.0\cucumber-testng-7.0.0.jar;C:\Users\Admin\.m2\repository\org\apiguardian\apiguardian-api\1.1.2\apiguardian-api-1.1.2.jar;C:\Users\Admin\.m2\repository\io\cucumber\cucumber-core\7.0.0\cucumber-core-7.0.0.jar;C:\Users\Admin\.m2\repository\io\cucumber\cucumber-gherkin\7.0.0\cucumber-gherkin-7.0.0.jar;C:\Users\Admin\.m2\repository\io\cucumber\cucumber-gherkin-messages\7.0.0\cucumber-gherkin-messages-7.0.0.jar;C:\Users\Admin\.m2\repository\io\cucumber\messages\17.1.1\messages-17.1.1.jar;C:\Users\Admin\.m2\repository\io\cucumber\tag-expressions\4.0.2\tag-expressions-4.0.2.jar;C:\Users\Admin\.m2\repository\io\cucumber\cucumber-expressions\13.0.1\cucumber-expressions-13.0.1.jar;C:\Users\Admin\.m2\repository\io\cucumber\datatable\7.0.0\datatable-7.0.0.jar;C:\Users\Admin\.m2\repository\io\cucumber\cucumber-plugin\7.0.0\cucumber-plugin-7.0.0.jar;C:\Users\Admin\.m2\repository\io\cucumber\docstring\7.0.0\docstring-7.0.0.jar;C:\Users\Admin\.m2\repository\io\cucumber\html-formatter\17.0.0\html-formatter-17.0.0.jar;C:\Users\Admin\.m2\repository\io\cucumber\create-meta\6.0.1\create-meta-6.0.1.jar;C:\Users\Admin\.m2\repository\io\cucumber\cucumber-java\7.0.0\cucumber-java-7.0.0.jar;C:\Users\Admin\.m2\repository\commons-io\commons-io\2.11.0\commons-io-2.11.0.jar;C:\Users\Admin\.m2\repository\io\github\sukgu\automation\0.1.4.1\automation-0.1.4.1.jar;"/>
    <property name="java.vm.vendor" value="Oracle Corporation"/>
    <property name="sun.arch.data.model" value="64"/>
    <property name="user.variant" value=""/>
    <property name="java.vendor.url" value="http://java.oracle.com/"/>
    <property name="user.timezone" value="Asia/Calcutta"/>
    <property name="java.vm.specification.version" value="1.8"/>
    <property name="os.name" value="Windows 10"/>
    <property name="user.country" value="IN"/>
    <property name="sun.java.launcher" value="SUN_STANDARD"/>
    <property name="sun.boot.library.path" value="C:\Program Files\Java\jdk1.8.0_271\jre\bin"/>
    <property name="sun.java.command" value="C:\Users\Admin\AppData\Local\Temp\surefire3439076520661426009\surefirebooter6094210938825160607.jar C:\Users\Admin\AppData\Local\Temp\surefire3439076520661426009 2023-05-17T13-00-33_466-jvmRun1 surefire7808413441807608872tmp surefire_02575160530112912042tmp"/>
    <property name="surefire.test.class.path" value="C:\TestLeaf\SalesForce\target\test-classes;C:\TestLeaf\SalesForce\target\classes;C:\Users\Admin\.m2\repository\org\seleniumhq\selenium\selenium-java\4.0.0\selenium-java-4.0.0.jar;C:\Users\Admin\.m2\repository\org\seleniumhq\selenium\selenium-api\4.0.0\selenium-api-4.0.0.jar;C:\Users\Admin\.m2\repository\org\seleniumhq\selenium\selenium-chrome-driver\4.0.0\selenium-chrome-driver-4.0.0.jar;C:\Users\Admin\.m2\repository\com\google\auto\service\auto-service-annotations\1.0\auto-service-annotations-1.0.jar;C:\Users\Admin\.m2\repository\com\google\auto\service\auto-service\1.0\auto-service-1.0.jar;C:\Users\Admin\.m2\repository\com\google\auto\auto-common\1.0\auto-common-1.0.jar;C:\Users\Admin\.m2\repository\org\seleniumhq\selenium\selenium-chromium-driver\4.0.0\selenium-chromium-driver-4.0.0.jar;C:\Users\Admin\.m2\repository\org\seleniumhq\selenium\selenium-json\4.0.0\selenium-json-4.0.0.jar;C:\Users\Admin\.m2\repository\org\seleniumhq\selenium\selenium-devtools-v85\4.0.0\selenium-devtools-v85-4.0.0.jar;C:\Users\Admin\.m2\repository\org\seleniumhq\selenium\selenium-devtools-v93\4.0.0\selenium-devtools-v93-4.0.0.jar;C:\Users\Admin\.m2\repository\org\seleniumhq\selenium\selenium-devtools-v94\4.0.0\selenium-devtools-v94-4.0.0.jar;C:\Users\Admin\.m2\repository\org\seleniumhq\selenium\selenium-devtools-v95\4.0.0\selenium-devtools-v95-4.0.0.jar;C:\Users\Admin\.m2\repository\org\seleniumhq\selenium\selenium-edge-driver\4.0.0\selenium-edge-driver-4.0.0.jar;C:\Users\Admin\.m2\repository\org\seleniumhq\selenium\selenium-firefox-driver\4.0.0\selenium-firefox-driver-4.0.0.jar;C:\Users\Admin\.m2\repository\org\seleniumhq\selenium\selenium-firefox-xpi-driver\4.0.0\selenium-firefox-xpi-driver-4.0.0.jar;C:\Users\Admin\.m2\repository\org\seleniumhq\selenium\selenium-ie-driver\4.0.0\selenium-ie-driver-4.0.0.jar;C:\Users\Admin\.m2\repository\org\seleniumhq\selenium\selenium-opera-driver\4.0.0\selenium-opera-driver-4.0.0.jar;C:\Users\Admin\.m2\repository\org\seleniumhq\selenium\selenium-remote-driver\4.0.0\selenium-remote-driver-4.0.0.jar;C:\Users\Admin\.m2\repository\io\netty\netty-buffer\4.1.68.Final\netty-buffer-4.1.68.Final.jar;C:\Users\Admin\.m2\repository\io\netty\netty-codec-http\4.1.67.Final\netty-codec-http-4.1.67.Final.jar;C:\Users\Admin\.m2\repository\io\netty\netty-codec\4.1.67.Final\netty-codec-4.1.67.Final.jar;C:\Users\Admin\.m2\repository\io\netty\netty-handler\4.1.67.Final\netty-handler-4.1.67.Final.jar;C:\Users\Admin\.m2\repository\io\netty\netty-common\4.1.68.Final\netty-common-4.1.68.Final.jar;C:\Users\Admin\.m2\repository\io\netty\netty-transport-native-epoll\4.1.67.Final\netty-transport-native-epoll-4.1.67.Final.jar;C:\Users\Admin\.m2\repository\io\netty\netty-transport-native-kqueue\4.1.67.Final\netty-transport-native-kqueue-4.1.67.Final.jar;C:\Users\Admin\.m2\repository\io\netty\netty-transport-native-unix-common\4.1.67.Final\netty-transport-native-unix-common-4.1.67.Final.jar;C:\Users\Admin\.m2\repository\io\netty\netty-transport\4.1.68.Final\netty-transport-4.1.68.Final.jar;C:\Users\Admin\.m2\repository\io\netty\netty-resolver\4.1.68.Final\netty-resolver-4.1.68.Final.jar;C:\Users\Admin\.m2\repository\io\opentelemetry\opentelemetry-api\1.6.0\opentelemetry-api-1.6.0.jar;C:\Users\Admin\.m2\repository\io\opentelemetry\opentelemetry-context\1.6.0\opentelemetry-context-1.6.0.jar;C:\Users\Admin\.m2\repository\io\opentelemetry\opentelemetry-exporter-logging\1.6.0\opentelemetry-exporter-logging-1.6.0.jar;C:\Users\Admin\.m2\repository\io\opentelemetry\opentelemetry-sdk-metrics\1.6.0-alpha\opentelemetry-sdk-metrics-1.6.0-alpha.jar;C:\Users\Admin\.m2\repository\io\opentelemetry\opentelemetry-sdk-common\1.6.0\opentelemetry-sdk-common-1.6.0.jar;C:\Users\Admin\.m2\repository\io\opentelemetry\opentelemetry-sdk-extension-autoconfigure-spi\1.6.0\opentelemetry-sdk-extension-autoconfigure-spi-1.6.0.jar;C:\Users\Admin\.m2\repository\io\opentelemetry\opentelemetry-sdk-extension-autoconfigure\1.6.0-alpha\opentelemetry-sdk-extension-autoconfigure-1.6.0-alpha.jar;C:\Users\Admin\.m2\repository\io\opentelemetry\opentelemetry-sdk-trace\1.6.0\opentelemetry-sdk-trace-1.6.0.jar;C:\Users\Admin\.m2\repository\io\opentelemetry\opentelemetry-api-metrics\1.6.0-alpha\opentelemetry-api-metrics-1.6.0-alpha.jar;C:\Users\Admin\.m2\repository\io\opentelemetry\opentelemetry-sdk\1.6.0\opentelemetry-sdk-1.6.0.jar;C:\Users\Admin\.m2\repository\io\opentelemetry\opentelemetry-semconv\1.6.0-alpha\opentelemetry-semconv-1.6.0-alpha.jar;C:\Users\Admin\.m2\repository\io\ous\jtoml\2.0.0\jtoml-2.0.0.jar;C:\Users\Admin\.m2\repository\net\bytebuddy\byte-buddy\1.11.19\byte-buddy-1.11.19.jar;C:\Users\Admin\.m2\repository\org\apache\commons\commons-exec\1.3\commons-exec-1.3.jar;C:\Users\Admin\.m2\repository\org\asynchttpclient\async-http-client\2.12.3\async-http-client-2.12.3.jar;C:\Users\Admin\.m2\repository\org\asynchttpclient\async-http-client-netty-utils\2.12.3\async-http-client-netty-utils-2.12.3.jar;C:\Users\Admin\.m2\repository\io\netty\netty-codec-socks\4.1.60.Final\netty-codec-socks-4.1.60.Final.jar;C:\Users\Admin\.m2\repository\io\netty\netty-handler-proxy\4.1.60.Final\netty-handler-proxy-4.1.60.Final.jar;C:\Users\Admin\.m2\repository\io\netty\netty-transport-native-epoll\4.1.60.Final\netty-transport-native-epoll-4.1.60.Final-linux-x86_64.jar;C:\Users\Admin\.m2\repository\io\netty\netty-transport-native-kqueue\4.1.60.Final\netty-transport-native-kqueue-4.1.60.Final-osx-x86_64.jar;C:\Users\Admin\.m2\repository\org\reactivestreams\reactive-streams\1.0.3\reactive-streams-1.0.3.jar;C:\Users\Admin\.m2\repository\com\typesafe\netty\netty-reactive-streams\2.0.4\netty-reactive-streams-2.0.4.jar;C:\Users\Admin\.m2\repository\com\sun\activation\jakarta.activation\1.2.2\jakarta.activation-1.2.2.jar;C:\Users\Admin\.m2\repository\org\seleniumhq\selenium\selenium-http\4.0.0\selenium-http-4.0.0.jar;C:\Users\Admin\.m2\repository\org\seleniumhq\selenium\selenium-safari-driver\4.0.0\selenium-safari-driver-4.0.0.jar;C:\Users\Admin\.m2\repository\org\seleniumhq\selenium\selenium-support\4.0.0\selenium-support-4.0.0.jar;C:\Users\Admin\.m2\repository\io\github\bonigarcia\webdrivermanager\5.0.3\webdrivermanager-5.0.3.jar;C:\Users\Admin\.m2\repository\org\slf4j\slf4j-api\1.7.32\slf4j-api-1.7.32.jar;C:\Users\Admin\.m2\repository\com\google\code\gson\gson\2.8.8\gson-2.8.8.jar;C:\Users\Admin\.m2\repository\org\jsoup\jsoup\1.14.2\jsoup-1.14.2.jar;C:\Users\Admin\.m2\repository\com\github\docker-java\docker-java\3.2.12\docker-java-3.2.12.jar;C:\Users\Admin\.m2\repository\com\github\docker-java\docker-java-core\3.2.12\docker-java-core-3.2.12.jar;C:\Users\Admin\.m2\repository\com\github\docker-java\docker-java-api\3.2.12\docker-java-api-3.2.12.jar;C:\Users\Admin\.m2\repository\com\fasterxml\jackson\core\jackson-annotations\2.10.3\jackson-annotations-2.10.3.jar;C:\Users\Admin\.m2\repository\commons-lang\commons-lang\2.6\commons-lang-2.6.jar;C:\Users\Admin\.m2\repository\com\fasterxml\jackson\core\jackson-databind\2.10.3\jackson-databind-2.10.3.jar;C:\Users\Admin\.m2\repository\com\fasterxml\jackson\core\jackson-core\2.10.3\jackson-core-2.10.3.jar;C:\Users\Admin\.m2\repository\org\bouncycastle\bcpkix-jdk15on\1.64\bcpkix-jdk15on-1.64.jar;C:\Users\Admin\.m2\repository\org\bouncycastle\bcprov-jdk15on\1.64\bcprov-jdk15on-1.64.jar;C:\Users\Admin\.m2\repository\org\slf4j\jcl-over-slf4j\1.7.30\jcl-over-slf4j-1.7.30.jar;C:\Users\Admin\.m2\repository\com\github\docker-java\docker-java-transport-httpclient5\3.2.12\docker-java-transport-httpclient5-3.2.12.jar;C:\Users\Admin\.m2\repository\com\github\docker-java\docker-java-transport\3.2.12\docker-java-transport-3.2.12.jar;C:\Users\Admin\.m2\repository\org\apache\httpcomponents\client5\httpclient5\5.0.3\httpclient5-5.0.3.jar;C:\Users\Admin\.m2\repository\org\apache\httpcomponents\core5\httpcore5\5.0.2\httpcore5-5.0.2.jar;C:\Users\Admin\.m2\repository\net\java\dev\jna\jna\5.8.0\jna-5.8.0.jar;C:\Users\Admin\.m2\repository\com\google\guava\guava\30.1.1-jre\guava-30.1.1-jre.jar;C:\Users\Admin\.m2\repository\com\google\guava\failureaccess\1.0.1\failureaccess-1.0.1.jar;C:\Users\Admin\.m2\repository\com\google\guava\listenablefuture\9999.0-empty-to-avoid-conflict-with-guava\listenablefuture-9999.0-empty-to-avoid-conflict-with-guava.jar;C:\Users\Admin\.m2\repository\com\google\code\findbugs\jsr305\3.0.2\jsr305-3.0.2.jar;C:\Users\Admin\.m2\repository\org\checkerframework\checker-qual\3.8.0\checker-qual-3.8.0.jar;C:\Users\Admin\.m2\repository\com\google\errorprone\error_prone_annotations\2.5.1\error_prone_annotations-2.5.1.jar;C:\Users\Admin\.m2\repository\com\google\j2objc\j2objc-annotations\1.3\j2objc-annotations-1.3.jar;C:\Users\Admin\.m2\repository\org\brotli\dec\0.1.2\dec-0.1.2.jar;C:\Users\Admin\.m2\repository\org\testng\testng\7.4.0\testng-7.4.0.jar;C:\Users\Admin\.m2\repository\com\beust\jcommander\1.78\jcommander-1.78.jar;C:\Users\Admin\.m2\repository\org\webjars\jquery\3.5.1\jquery-3.5.1.jar;C:\Users\Admin\.m2\repository\org\apache\poi\poi\4.1.2\poi-4.1.2.jar;C:\Users\Admin\.m2\repository\commons-codec\commons-codec\1.13\commons-codec-1.13.jar;C:\Users\Admin\.m2\repository\org\apache\commons\commons-collections4\4.4\commons-collections4-4.4.jar;C:\Users\Admin\.m2\repository\org\apache\commons\commons-math3\3.6.1\commons-math3-3.6.1.jar;C:\Users\Admin\.m2\repository\com\zaxxer\SparseBitSet\1.2\SparseBitSet-1.2.jar;C:\Users\Admin\.m2\repository\org\apache\poi\poi-ooxml\4.1.2\poi-ooxml-4.1.2.jar;C:\Users\Admin\.m2\repository\org\apache\poi\poi-ooxml-schemas\4.1.2\poi-ooxml-schemas-4.1.2.jar;C:\Users\Admin\.m2\repository\org\apache\xmlbeans\xmlbeans\3.1.0\xmlbeans-3.1.0.jar;C:\Users\Admin\.m2\repository\org\apache\commons\commons-compress\1.19\commons-compress-1.19.jar;C:\Users\Admin\.m2\repository\com\github\virtuald\curvesapi\1.06\curvesapi-1.06.jar;C:\Users\Admin\.m2\repository\com\aventstack\extentreports\3.1.5\extentreports-3.1.5.jar;C:\Users\Admin\.m2\repository\org\freemarker\freemarker\2.3.23\freemarker-2.3.23.jar;C:\Users\Admin\.m2\repository\org\mongodb\mongodb-driver\3.3.0\mongodb-driver-3.3.0.jar;C:\Users\Admin\.m2\repository\org\mongodb\bson\3.3.0\bson-3.3.0.jar;C:\Users\Admin\.m2\repository\org\mongodb\mongodb-driver-core\3.3.0\mongodb-driver-core-3.3.0.jar;C:\Users\Admin\.m2\repository\org\apache\httpcomponents\httpclient\4.5.2\httpclient-4.5.2.jar;C:\Users\Admin\.m2\repository\org\apache\httpcomponents\httpcore\4.4.4\httpcore-4.4.4.jar;C:\Users\Admin\.m2\repository\commons-logging\commons-logging\1.2\commons-logging-1.2.jar;C:\Users\Admin\.m2\repository\org\apache\httpcomponents\httpmime\4.5.2\httpmime-4.5.2.jar;C:\Users\Admin\.m2\repository\io\cucumber\cucumber-testng\7.0.0\cucumber-testng-7.0.0.jar;C:\Users\Admin\.m2\repository\org\apiguardian\apiguardian-api\1.1.2\apiguardian-api-1.1.2.jar;C:\Users\Admin\.m2\repository\io\cucumber\cucumber-core\7.0.0\cucumber-core-7.0.0.jar;C:\Users\Admin\.m2\repository\io\cucumber\cucumber-gherkin\7.0.0\cucumber-gherkin-7.0.0.jar;C:\Users\Admin\.m2\repository\io\cucumber\cucumber-gherkin-messages\7.0.0\cucumber-gherkin-messages-7.0.0.jar;C:\Users\Admin\.m2\repository\io\cucumber\messages\17.1.1\messages-17.1.1.jar;C:\Users\Admin\.m2\repository\io\cucumber\tag-expressions\4.0.2\tag-expressions-4.0.2.jar;C:\Users\Admin\.m2\repository\io\cucumber\cucumber-expressions\13.0.1\cucumber-expressions-13.0.1.jar;C:\Users\Admin\.m2\repository\io\cucumber\datatable\7.0.0\datatable-7.0.0.jar;C:\Users\Admin\.m2\repository\io\cucumber\cucumber-plugin\7.0.0\cucumber-plugin-7.0.0.jar;C:\Users\Admin\.m2\repository\io\cucumber\docstring\7.0.0\docstring-7.0.0.jar;C:\Users\Admin\.m2\repository\io\cucumber\html-formatter\17.0.0\html-formatter-17.0.0.jar;C:\Users\Admin\.m2\repository\io\cucumber\create-meta\6.0.1\create-meta-6.0.1.jar;C:\Users\Admin\.m2\repository\io\cucumber\cucumber-java\7.0.0\cucumber-java-7.0.0.jar;C:\Users\Admin\.m2\repository\commons-io\commons-io\2.11.0\commons-io-2.11.0.jar;C:\Users\Admin\.m2\repository\io\github\sukgu\automation\0.1.4.1\automation-0.1.4.1.jar;"/>
    <property name="sun.cpu.endian" value="little"/>
    <property name="user.home" value="C:\Users\Admin"/>
    <property name="user.language" value="en"/>
    <property name="java.specification.vendor" value="Oracle Corporation"/>
    <property name="java.home" value="C:\Program Files\Java\jdk1.8.0_271\jre"/>
    <property name="basedir" value="C:\TestLeaf\SalesForce"/>
    <property name="file.separator" value="\"/>
    <property name="line.separator" value="&#10;"/>
    <property name="java.vm.specification.vendor" value="Oracle Corporation"/>
    <property name="java.specification.name" value="Java Platform API Specification"/>
    <property name="java.awt.graphicsenv" value="sun.awt.Win32GraphicsEnvironment"/>
    <property name="surefire.real.class.path" value="C:\Users\Admin\AppData\Local\Temp\surefire3439076520661426009\surefirebooter6094210938825160607.jar"/>
    <property name="sun.boot.class.path" value="C:\Program Files\Java\jdk1.8.0_271\jre\lib\resources.jar;C:\Program Files\Java\jdk1.8.0_271\jre\lib\rt.jar;C:\Program Files\Java\jdk1.8.0_271\jre\lib\sunrsasign.jar;C:\Program Files\Java\jdk1.8.0_271\jre\lib\jsse.jar;C:\Program Files\Java\jdk1.8.0_271\jre\lib\jce.jar;C:\Program Files\Java\jdk1.8.0_271\jre\lib\charsets.jar;C:\Program Files\Java\jdk1.8.0_271\jre\lib\jfr.jar;C:\Program Files\Java\jdk1.8.0_271\jre\classes"/>
    <property name="user.script" value=""/>
    <property name="sun.management.compiler" value="HotSpot 64-Bit Tiered Compilers"/>
    <property name="java.runtime.version" value="1.8.0_271-b09"/>
    <property name="user.name" value="Admin"/>
    <property name="path.separator" value=";"/>
    <property name="os.version" value="10.0"/>
    <property name="java.endorsed.dirs" value="C:\Program Files\Java\jdk1.8.0_271\jre\lib\endorsed"/>
    <property name="java.runtime.name" value="Java(TM) SE Runtime Environment"/>
    <property name="file.encoding" value="Cp1252"/>
    <property name="sun.nio.ch.bugLevel" value=""/>
    <property name="java.vm.name" value="Java HotSpot(TM) 64-Bit Server VM"/>
    <property name="localRepository" value="C:\Users\Admin\.m2\repository"/>
    <property name="java.vendor.url.bug" value="http://bugreport.sun.com/bugreport/"/>
    <property name="java.io.tmpdir" value="C:\Users\Admin\AppData\Local\Temp\"/>
    <property name="java.version" value="1.8.0_271"/>
    <property name="user.dir" value="C:\TestLeaf\SalesForce"/>
    <property name="os.arch" value="amd64"/>
    <property name="java.vm.specification.name" value="Java Virtual Machine Specification"/>
    <property name="java.awt.printerjob" value="sun.awt.windows.WPrinterJob"/>
    <property name="sun.os.patch.level" value=""/>
    <property name="java.library.path" value="C:\Program Files\Java\jdk1.8.0_271\jre\bin;C:\WINDOWS\Sun\Java\bin;C:\WINDOWS\system32;C:\WINDOWS;C:/TestLeaf/eclipse//plugins/org.eclipse.justj.openjdk.hotspot.jre.full.win32.x86_64_16.0.1.v20210528-1205/jre/bin/server;C:/TestLeaf/eclipse//plugins/org.eclipse.justj.openjdk.hotspot.jre.full.win32.x86_64_16.0.1.v20210528-1205/jre/bin;C:\Program Files\Common Files\Oracle\Java\javapath;C:\Program Files (x86)\Common Files\Oracle\Java\javapath;C:\WINDOWS\system32;C:\WINDOWS;C:\WINDOWS\System32\Wbem;C:\WINDOWS\System32\WindowsPowerShell\v1.0\;C:\WINDOWS\System32\OpenSSH\;C:\Program Files\Git\cmd;C:\Users\Admin\AppData\Local\Microsoft\WindowsApps;C:\Program Files\Git\bin\;C:\Program Files\Git\cmd\;C:\Users\Admin\AppData\Local\GitHubDesktop\bin;C:\TestLeaf\eclipse;;."/>
    <property name="java.vm.info" value="mixed mode"/>
    <property name="java.vendor" value="Oracle Corporation"/>
    <property name="java.vm.version" value="25.271-b09"/>
    <property name="java.ext.dirs" value="C:\Program Files\Java\jdk1.8.0_271\jre\lib\ext;C:\WINDOWS\Sun\Java\lib\ext"/>
    <property name="sun.io.unicode.encoding" value="UnicodeLittle"/>
    <property name="java.class.version" value="52.0"/>
  </properties>
  <testcase name="verifySort" classname="testcases.TC005_VerifyIndividualssortorderbyName" time="18.64">
    <system-out><![CDATA[...
... TestNG 7.4.0 by Cédric Beust (cedric@beust.com)
...

]]></system-out>
    <system-err><![CDATA[SLF4J: Failed to load class "org.slf4j.impl.StaticLoggerBinder".
SLF4J: Defaulting to no-operation (NOP) logger implementation
SLF4J: See http://www.slf4j.org/codes.html#StaticLoggerBinder for further details.
SStatratritnign gC hCrhormeoDmrievDerr i11ve3r. 01.15367.02..6563 7(20.e613 a4(047e11ad45a47e51dbf51a2e85bb1f1bd288fb14bdd628f7c48d6c2bd75c58cfb70dc5-5rfe70fsc-/rberafsn/cbh-rhaneachds-/he56ad7s2@/{56#97212@}{)# 9o12n} )p oonr tpo rt5 855430970

OOnlnyl y llocoalc aclo ncneocntnieocntsi onare sa larloew aedl.l
owPleaesde. s
eeP lehatstep ss:e/e/ chthrtopmse:dr/i/vecrh.rocmherdomriiumv.eror.gc/hsreocumriuitmy.-ocorngs/idseecrautriiotnys -fcoonrs siudgegersattioinos nosn  fkoere psiunggg eCshtroimoenDrsive onr  ksaeefep.ing
 ChromeDriver safe.
CChrhormoeDmriveeDr rwiavse rst awratse sdt asrutcecde sssufculcelsys.fu
lly.
May 17, 2023 1:00:50 PM org.openqa.selenium.remote.ProtocolHandshake createSession
INFO: Detected dialect: W3C
May 17, 2023 1:00:50 PM org.openqa.selenium.remote.ProtocolHandshake createSession
INFO: Detected dialect: W3C
May 17, 2023 1:00:52 PM org.openqa.selenium.devtools.CdpVersionFinder findNearestMatch
WARNING: Unable to find an exact match for CDP version 113, so returning the closest version found: a no-op implementation
May 17, 2023 1:00:52 PM org.openqa.selenium.devtools.CdpVersionFinder findNearestMatch
WARNING: Unable to find an exact match for CDP version 113, so returning the closest version found: a no-op implementation
May 17, 2023 1:00:52 PM org.openqa.selenium.devtools.CdpVersionFinder findNearestMatch
INFO: Unable to find CDP implementation matching 113.
May 17, 2023 1:00:52 PM org.openqa.selenium.devtools.CdpVersionFinder findNearestMatch
INFO: Unable to find CDP implementation matching 113.
May 17, 2023 1:00:52 PM org.openqa.selenium.chromium.ChromiumDriver lambda$new$3
WARNING: Unable to find version of CDP to use for . You may need to include a dependency on a specific version of the CDP using something similar to `org.seleniumhq.selenium:selenium-devtools-v86:4.0.0` where the version ("v86") matches the version of the chromium-based browser you're using and the version number of the artifact is the same as Selenium's.
May 17, 2023 1:00:52 PM org.openqa.selenium.chromium.ChromiumDriver lambda$new$3
WARNING: Unable to find version of CDP to use for . You may need to include a dependency on a specific version of the CDP using something similar to `org.seleniumhq.selenium:selenium-devtools-v86:4.0.0` where the version ("v86") matches the version of the chromium-based browser you're using and the version number of the artifact is the same as Selenium's.
]]></system-err>
  </testcase>
  <testcase name="createIndividualswithoutmandatoryfields[Ganesh, Kumar](1)" classname="testcases.TC004_CreateIndividualswithoutmandatoryfields" time="22.576"/>
</testsuite>