<?xml version="1.0" encoding="UTF-8"?>
<!-- Generated by org.testng.reporters.JUnitReportReporter -->
<testsuite skipped="0" hostname="DESKTOP-RFGG51U" name="testcases.TC005_VerifyIndividualssortorderbyName" tests="1" failures="0" timestamp="2023-03-24T12:36:36 IST" time="52.008" errors="0">
  <testcase name="verifySort" time="52.008" classname="testcases.TC005_VerifyIndividualssortorderbyName"/>
  <system-out/>
</testsuite> <!-- testcases.TC005_VerifyIndividualssortorderbyName -->
