<?xml version="1.0" encoding="UTF-8"?>
<!-- Generated by org.testng.reporters.JUnitReportReporter -->
<testsuite skipped="0" hostname="DESKTOP-RFGG51U" name="testcases.TC004_CreateIndividualswithoutmandatoryfields" tests="1" failures="0" timestamp="2023-03-24T12:36:36 IST" time="51.650" errors="0">
  <testcase name="createIndividualswithoutmandatoryfields" time="51.650" classname="testcases.TC004_CreateIndividualswithoutmandatoryfields"/>
  <system-out/>
</testsuite> <!-- testcases.TC004_CreateIndividualswithoutmandatoryfields -->
