<?xml version="1.0" encoding="UTF-8"?>
<!-- Generated by org.testng.reporters.JUnitReportReporter -->
<testsuite skipped="0" hostname="DESKTOP-RFGG51U" name="testcases.Sample" tests="1" failures="0" timestamp="2023-03-08T17:05:40 IST" time="85.997" errors="0">
  <testcase name="sampleCheck" time="85.997" classname="testcases.Sample"/>
  <system-out/>
</testsuite> <!-- testcases.Sample -->
