<?xml version="1.0" encoding="UTF-8"?>
<!-- Generated by org.testng.reporters.JUnitReportReporter -->
<testsuite skipped="0" hostname="DESKTOP-RFGG51U" name="testcases.TC003_DeleteIndividuals" tests="1" failures="0" timestamp="2023-03-24T12:34:22 IST" time="68.817" errors="0">
  <testcase name="deleteIndividuals" time="68.817" classname="testcases.TC003_DeleteIndividuals"/>
  <system-out/>
</testsuite> <!-- testcases.TC003_DeleteIndividuals -->
