<?xml version="1.0" encoding="UTF-8"?>
<!-- Generated by org.testng.reporters.JUnitReportReporter -->
<testsuite skipped="0" hostname="DESKTOP-RFGG51U" name="testcases.TC002_EditIndividuals" tests="1" failures="0" timestamp="2023-03-24T12:34:22 IST" time="35.908" errors="0">
  <testcase name="editIndivuduals" time="35.908" classname="testcases.TC002_EditIndividuals"/>
  <system-out/>
</testsuite> <!-- testcases.TC002_EditIndividuals -->
