<?xml version="1.0" encoding="UTF-8"?>
<!-- Generated by org.testng.reporters.JUnitReportReporter -->
<testsuite skipped="0" hostname="DESKTOP-RFGG51U" name="testcases.TC005_VerifyIndividualssortorderbyName" tests="1" failures="0" timestamp="2023-05-17T13:01:35 IST" time="53.799" errors="0">
  <testcase name="verifySort" time="53.799" classname="testcases.TC005_VerifyIndividualssortorderbyName"/>
  <system-out/>
</testsuite> <!-- testcases.TC005_VerifyIndividualssortorderbyName -->
