<?xml version="1.0" encoding="UTF-8"?>
<!-- Generated by org.testng.reporters.JUnitReportReporter -->
<testsuite hostname="DESKTOP-RFGG51U" failures="0" tests="1" name="testcases.TC001_CreateIndividuals" time="73.256" errors="0" timestamp="2023-05-23T19:05:46 IST" skipped="0">
  <testcase classname="testcases.TC001_CreateIndividuals" name="CreateIndividuals" time="73.256"/>
  <system-out/>
</testsuite> <!-- testcases.TC001_CreateIndividuals -->
