<?xml version="1.0" encoding="UTF-8"?>
<!-- Generated by org.testng.reporters.JUnitReportReporter -->
<testsuite hostname="DESKTOP-RFGG51U" failures="0" tests="1" name="testcases.TC005_VerifyIndividualssortorderbyName" time="143.639" errors="0" timestamp="2023-05-23T18:05:07 IST" skipped="0">
  <testcase classname="testcases.TC005_VerifyIndividualssortorderbyName" name="verifySort" time="143.639"/>
  <system-out/>
</testsuite> <!-- testcases.TC005_VerifyIndividualssortorderbyName -->
