<?xml version="1.0" encoding="UTF-8"?>
<!-- Generated by org.testng.reporters.JUnitReportReporter -->
<testsuite skipped="0" hostname="DESKTOP-RFGG51U" name="testcases.TC004_CreateIndividualswithoutmandatoryfields" tests="1" failures="0" timestamp="2023-05-17T13:01:35 IST" time="55.218" errors="0">
  <testcase name="createIndividualswithoutmandatoryfields" time="55.218" classname="testcases.TC004_CreateIndividualswithoutmandatoryfields"/>
  <system-out/>
</testsuite> <!-- testcases.TC004_CreateIndividualswithoutmandatoryfields -->
